<?xml version="1.0" encoding="UTF-8"?>
<!-- Generated by org.testng.reporters.JUnitReportReporter -->
<testsuite hostname="SRILAKSHMANAR" failures="0" tests="1" name="Test1" time="9.743" errors="0" timestamp="2025-04-27T01:27:16 IST" skipped="0">
  <testcase classname="Test1" name="verifySupportEmailLink" time="9.743"/>
  <system-out/>
</testsuite> <!-- Test1 -->
